<?xml version="1.0" encoding="UTF-8"?>
<testsuite xmlns:xsi="http://www.w3.org/2001/XMLSchema-instance" xsi:noNamespaceSchemaLocation="https://maven.apache.org/surefire/maven-surefire-plugin/xsd/surefire-test-report-3.0.xsd" version="3.0" name="MainTest" time="0.017" tests="10" errors="0" skipped="0" failures="0">
  <properties>
[...]
</properties>
  <testcase name="sortSelection" classname="MainTest" time="0.008"/>
  <testcase name="sortBubble" classname="MainTest" time="0"/>
  <testcase name="sortInsertion" classname="MainTest" time="0"/>
  <testcase name="insertionSort" classname="MainTest" time="0.001"/>
  <testcase name="sortMerge" classname="MainTest" time="0"/>
  <testcase name="sortQuick" classname="MainTest" time="0.001"/>
  <testcase name="bubbleSort" classname="MainTest" time="0"/>
  <testcase name="selectionSort" classname="MainTest" time="0"/>
  <testcase name="quickSort" classname="MainTest" time="0.001"/>
  <testcase name="mergeSort" classname="MainTest" time="0"/>
</testsuite>